info Found Xcode workspace "kurtarltcNew.xcworkspace"
info Found booted iPhone12minik
info Building (using "xcodebuild -workspace kurtarltcNew.xcworkspace -configuration Debug -scheme kurtarltcNew -destination id=00008101-001119C834E8001E")
- Building the app
- Building the app..
- Building the app.....
- Building the app......
- Building the app.......
- Building the app....
- Building the app.....
- Building the app....
- Building the app........
- Building the app.........
- Building the app
- Building the app.
- Building the app
- Building the app...
- Building the app...
- Building the app.......
- Building the app.....
- Building the app.........
- Building the app.........
- Building the app.....
- Building the app.
- Building the app.....
- Building the app.........
- Building the app.
- Building the app.....
- Building the app.
- Building the app.........
- Building the app
- Building the app.....
- Building the app......
- Building the app.........
- Building the app........
- Building the app.........
- Building the app
- Building the app........
- Building the app.........
- Building the app
- Building the app......
- Building the app.......
- Building the app.....
- Building the app.....
- Building the app...
- Building the app....
- Building the app........
- Building the app.......
- Building the app........
- Building the app..
- Building the app...
- Building the app
- Building the app.
- Building the app...
- Building the app.
- Building the app..
- Building the app.
- Building the app.......
- Building the app........
- Building the app..
- Building the app....
- Building the app......
- Building the app........
- Building the app
- Building the app..
- Building the app......
- Building the app.......
- Building the app.........
- Building the app.....
- Building the app....
- Building the app......
- Building the app........
- Building the app
- Building the app..
- Building the app....
- Building the app......
- Building the app
- Building the app......
- Building the app.......
- Building the app...
- Building the app.........
- Building the app
- Building the app
- Building the app.
- Building the app...
- Building the app.....
- Building the app.......
- Building the app.........
- Building the app.
- Building the app...
- Building the app.....
- Building the app.......
- Building the app.........
- Building the app.
- Building the app...
- Building the app.....
- Building the app.........
- Building the app.........
- Building the app......
- Building the app..
- Building the app...
- Building the app....
- Building the app......
- Building the app
- Building the app.
- Building the app.......

info 💡 Tip: Make sure that you have set up your development environment correctly, by running npx react-native doctor. To read more about doctor command visit: https://github.com/react-native-community/cli/blob/main/packages/cli-doctor/README.md#doctor 

error export CLANG_WARN_DOCUMENTATION_COMMENTS\=YES
error export CLANG_WARN_QUOTED_INCLUDE_IN_FRAMEWORK_HEADER\=NO
error export GCC_WARN_INHIBIT_ALL_WARNINGS\=YES
error export VALIDATE_PRODUCT\=NO
error export GCC_WARN_UNDECLARED_SELECTOR\=YES
error export CLANG_WARN_EMPTY_BODY\=YES
error Duplicate plugin/preset detected.
error ',
error Failed to build ios project. "xcodebuild" exited with error code '65'. To debug build logs further, consider building your app with Xcode.app, by opening 'kurtarltcNew.xcworkspace'.
